<?xml version="1.0" encoding="UTF-8"?>
<!-- Generated by org.testng.reporters.JUnitReportReporter -->
<testsuite hostname="LAPTOP-VDF4BQTI" name="ExecutePOM.POMExecution" tests="1" failures="0" timestamp="30 Jun 2018 20:06:10 GMT" time="19.710" errors="0">
  <testcase name="test1" time="19.710" classname="ExecutePOM.POMExecution"/>
</testsuite>
